

Started GET "/audios/new" for ::1 at 2016-05-03 11:27:46 -0700
  [1m[36mActiveRecord::SchemaMigration Load (0.8ms)[0m  [1mSELECT "schema_migrations".* FROM "schema_migrations"[0m
Processing by AudiosController#new as HTML
  Rendered audios/_form.html.erb (49.1ms)
  Rendered audios/new.html.erb within layouts/application (68.2ms)
DEPRECATION WARNING on line 87 of /Users/bennettbuchanan/.rbenv/versions/2.2.3/lib/ruby/gems/2.2.0/gems/compass-core-1.0.3/stylesheets/compass/css3/_deprecated-support.scss: #{} interpolation near operators will be simplified
in a future version of Sass. To preserve the current behavior, use quotes:

  unquote('"$moz-"#{$experimental-support-for-mozilla} "$webkit-"#{$experimental-support-for-webkit} "$opera-"#{$experimental-support-for-opera} "$microsoft-"#{$experimental-support-for-microsoft} "$khtml-"#{$experimental-support-for-khtml}')

You can use the sass-convert command to automatically fix most cases.


DEPRECATION WARNING on line 92 of /Users/bennettbuchanan/.rbenv/versions/2.2.3/lib/ruby/gems/2.2.0/gems/compass-core-1.0.3/stylesheets/compass/css3/_deprecated-support.scss: #{} interpolation near operators will be simplified
in a future version of Sass. To preserve the current behavior, use quotes:

  unquote('"$ie6-"#{$legacy-support-for-ie6} "$ie7-"#{$legacy-support-for-ie7} "$ie8-"#{$legacy-support-for-ie8}')

You can use the sass-convert command to automatically fix most cases.


Completed 200 OK in 20650ms (Views: 20560.6ms | ActiveRecord: 35.3ms)


Started GET "/assets/scaffolds.self-ec56b046f373e67fff3ed53d796332384e48fcb52c89e48c7f01920a26f46e6a.css?body=1" for ::1 at 2016-05-03 11:28:08 -0700


Started GET "/audios/new" for ::1 at 2016-05-03 11:31:09 -0700
Processing by AudiosController#new as HTML
  Rendered audios/_form.html.erb (1.2ms)
  Rendered audios/new.html.erb within layouts/application (2.7ms)
Completed 200 OK in 54ms (Views: 42.9ms | ActiveRecord: 3.6ms)


Started GET "/assets/audios.self-e3b0c44298fc1c149afbf4c8996fb92427ae41e4649b934ca495991b7852b855.css?body=1" for ::1 at 2016-05-03 11:31:09 -0700


Started GET "/assets/scaffolds.self-ec56b046f373e67fff3ed53d796332384e48fcb52c89e48c7f01920a26f46e6a.css?body=1" for ::1 at 2016-05-03 11:31:09 -0700


Started GET "/assets/application.self-e80e8f2318043e8af94dddc2adad5a4f09739a8ebb323b3ab31cd71d45fd9113.css?body=1" for ::1 at 2016-05-03 11:31:09 -0700


Started GET "/assets/jquery.self-660adc51e0224b731d29f575a6f1ec167ba08ad06ed5deca4f1e8654c135bf4c.js?body=1" for ::1 at 2016-05-03 11:31:09 -0700


Started GET "/assets/jquery_ujs.self-e87806d0cf4489aeb1bb7288016024e8de67fd18db693fe026fe3907581e53cd.js?body=1" for ::1 at 2016-05-03 11:31:09 -0700


Started GET "/assets/turbolinks.self-c37727e9bd6b2735da5c311aa83fead54ed0be6cc8bd9a65309e9c5abe2cbfff.js?body=1" for ::1 at 2016-05-03 11:31:09 -0700


Started GET "/assets/audios.self-877aef30ae1b040ab8a3aba4e3e309a11d7f2612f44dde450b5c157aa5f95c05.js?body=1" for ::1 at 2016-05-03 11:31:09 -0700


Started GET "/assets/application.self-3b8dabdc891efe46b9a144b400ad69e37d7e5876bdc39dee783419a69d7ca819.js?body=1" for ::1 at 2016-05-03 11:31:09 -0700


Started GET "/assets/bootstrap/glyphicons-halflings-regular-fc969dc1c6ff531abcf368089dcbaf5775133b0626ff56b52301a059fc0f9e1e.woff" for ::1 at 2016-05-03 11:31:10 -0700


Started POST "/audios" for ::1 at 2016-05-03 11:31:12 -0700
Processing by AudiosController#create as HTML
  Parameters: {"utf8"=>"✓", "authenticity_token"=>"Vft4ikPTupn5rnBPn1YkEi0TJ2Rwg9bZ8o38cDmE5l1xktiBbi7E1T0cAGk6rxV4wfw+fjsCS9PniwUn1Cy7jA==", "audio"=>{"text"=>""}, "button"=>""}
  [1m[35m (33.2ms)[0m  BEGIN
  [1m[36m (11.4ms)[0m  [1mROLLBACK[0m
  Rendered audios/_form.html.erb (2.5ms)
  Rendered audios/new.html.erb within layouts/application (4.6ms)
Completed 200 OK in 1424ms (Views: 45.9ms | ActiveRecord: 44.5ms)


Started GET "/audios/new" for ::1 at 2016-05-03 11:31:38 -0700
Processing by AudiosController#new as HTML
  Rendered audios/_form.html.erb (1.1ms)
  Rendered audios/new.html.erb within layouts/application (3.6ms)
Completed 200 OK in 41ms (Views: 40.6ms | ActiveRecord: 0.0ms)


Started POST "/audios" for ::1 at 2016-05-03 11:31:45 -0700
Processing by AudiosController#create as HTML
  Parameters: {"utf8"=>"✓", "authenticity_token"=>"cDrp69LcGhWk63oKikqS7p6MP3jjlqHdZC3Tw6EqcixUU0ng/yFkWWBZCiwvs6OEcmMmYqgXPNdxKyqUTIIv/Q==", "audio"=>{"text"=>"hello"}, "button"=>""}
  [1m[35m (0.4ms)[0m  BEGIN
  [1m[36mSQL (57.9ms)[0m  [1mINSERT INTO "audios" ("text", "created_at", "updated_at") VALUES ($1, $2, $3) RETURNING "id"[0m  [["text", "hello"], ["created_at", "2016-05-03 18:31:47.300550"], ["updated_at", "2016-05-03 18:31:47.300550"]]
  [1m[35m (614.3ms)[0m  COMMIT
Redirected to http://localhost:3000/audios/980190969
Completed 302 Found in 2338ms (ActiveRecord: 672.9ms)


Started GET "/audios/980190969" for ::1 at 2016-05-03 11:31:48 -0700
Processing by AudiosController#show as HTML
  Parameters: {"id"=>"980190969"}
  [1m[36mAudio Load (1.0ms)[0m  [1mSELECT  "audios".* FROM "audios" WHERE "audios"."id" = $1 LIMIT 1[0m  [["id", 980190969]]
  Rendered audios/show.html.erb within layouts/application (1.9ms)
Completed 200 OK in 99ms (Views: 67.0ms | ActiveRecord: 1.0ms)


Started GET "/audios/new" for ::1 at 2016-05-03 11:32:27 -0700
Processing by AudiosController#new as HTML
  Rendered audios/_form.html.erb (1.2ms)
  Rendered audios/new.html.erb within layouts/application (2.7ms)
Completed 200 OK in 49ms (Views: 38.7ms | ActiveRecord: 3.1ms)


Started GET "/assets/audios.self-e3b0c44298fc1c149afbf4c8996fb92427ae41e4649b934ca495991b7852b855.css?body=1" for ::1 at 2016-05-03 11:32:27 -0700


Started GET "/assets/scaffolds.self-ec56b046f373e67fff3ed53d796332384e48fcb52c89e48c7f01920a26f46e6a.css?body=1" for ::1 at 2016-05-03 11:32:27 -0700


Started GET "/assets/jquery.self-660adc51e0224b731d29f575a6f1ec167ba08ad06ed5deca4f1e8654c135bf4c.js?body=1" for ::1 at 2016-05-03 11:32:27 -0700


Started GET "/assets/application.self-e80e8f2318043e8af94dddc2adad5a4f09739a8ebb323b3ab31cd71d45fd9113.css?body=1" for ::1 at 2016-05-03 11:32:27 -0700


Started GET "/assets/jquery_ujs.self-e87806d0cf4489aeb1bb7288016024e8de67fd18db693fe026fe3907581e53cd.js?body=1" for ::1 at 2016-05-03 11:32:27 -0700


Started GET "/assets/turbolinks.self-c37727e9bd6b2735da5c311aa83fead54ed0be6cc8bd9a65309e9c5abe2cbfff.js?body=1" for ::1 at 2016-05-03 11:32:27 -0700


Started GET "/assets/audios.self-877aef30ae1b040ab8a3aba4e3e309a11d7f2612f44dde450b5c157aa5f95c05.js?body=1" for ::1 at 2016-05-03 11:32:27 -0700


Started GET "/assets/application.self-3b8dabdc891efe46b9a144b400ad69e37d7e5876bdc39dee783419a69d7ca819.js?body=1" for ::1 at 2016-05-03 11:32:27 -0700


Started GET "/assets/bootstrap/glyphicons-halflings-regular-fc969dc1c6ff531abcf368089dcbaf5775133b0626ff56b52301a059fc0f9e1e.woff" for ::1 at 2016-05-03 11:32:27 -0700


Started POST "/audios" for ::1 at 2016-05-03 11:32:29 -0700
Processing by AudiosController#create as HTML
  Parameters: {"utf8"=>"✓", "authenticity_token"=>"zXQd41VNcvz9aMJugKecCLWk6zBUh2ab1XW6/W6vXirpHb3oeLAMsDnaskglXq1iWUvyKh8G+5HAc0OqgwcD+w==", "audio"=>{"text"=>""}, "button"=>""}
  [1m[35m (0.4ms)[0m  BEGIN
  [1m[36m (0.5ms)[0m  [1mROLLBACK[0m
  Rendered audios/_form.html.erb (1.5ms)
  Rendered audios/new.html.erb within layouts/application (3.2ms)
Completed 200 OK in 819ms (Views: 40.9ms | ActiveRecord: 0.8ms)


Started POST "/audios" for ::1 at 2016-05-03 11:44:56 -0700
Processing by AudiosController#create as HTML
  Parameters: {"utf8"=>"✓", "authenticity_token"=>"zXQd41VNcvz9aMJugKecCLWk6zBUh2ab1XW6/W6vXirpHb3oeLAMsDnaskglXq1iWUvyKh8G+5HAc0OqgwcD+w==", "audio"=>{"text"=>""}, "button"=>""}
Completed 500 Internal Server Error in 12ms (ActiveRecord: 3.8ms)

NoMethodError (undefined method `messages=' for #<ActiveModel::Errors:0x007f8a1980ae08>):
  app/controllers/audios_controller.rb:30:in `create'


  Rendered /Users/bennettbuchanan/.rbenv/versions/2.2.3/lib/ruby/gems/2.2.0/gems/actionpack-4.2.6/lib/action_dispatch/middleware/templates/rescues/_source.erb (7.0ms)
  Rendered /Users/bennettbuchanan/.rbenv/versions/2.2.3/lib/ruby/gems/2.2.0/gems/actionpack-4.2.6/lib/action_dispatch/middleware/templates/rescues/_trace.html.erb (2.6ms)
  Rendered /Users/bennettbuchanan/.rbenv/versions/2.2.3/lib/ruby/gems/2.2.0/gems/actionpack-4.2.6/lib/action_dispatch/middleware/templates/rescues/_request_and_response.html.erb (3.1ms)
  Rendered /Users/bennettbuchanan/.rbenv/versions/2.2.3/lib/ruby/gems/2.2.0/gems/actionpack-4.2.6/lib/action_dispatch/middleware/templates/rescues/diagnostics.html.erb within rescues/layout (123.3ms)
  Rendered /Users/bennettbuchanan/.rbenv/versions/2.2.3/lib/ruby/gems/2.2.0/gems/web-console-2.3.0/lib/web_console/templates/_markup.html.erb (0.8ms)
  Rendered /Users/bennettbuchanan/.rbenv/versions/2.2.3/lib/ruby/gems/2.2.0/gems/web-console-2.3.0/lib/web_console/templates/_inner_console_markup.html.erb within layouts/inlined_string (0.8ms)
  Rendered /Users/bennettbuchanan/.rbenv/versions/2.2.3/lib/ruby/gems/2.2.0/gems/web-console-2.3.0/lib/web_console/templates/_prompt_box_markup.html.erb within layouts/inlined_string (0.4ms)
  Rendered /Users/bennettbuchanan/.rbenv/versions/2.2.3/lib/ruby/gems/2.2.0/gems/web-console-2.3.0/lib/web_console/templates/style.css.erb within layouts/inlined_string (0.7ms)
  Rendered /Users/bennettbuchanan/.rbenv/versions/2.2.3/lib/ruby/gems/2.2.0/gems/web-console-2.3.0/lib/web_console/templates/console.js.erb within layouts/javascript (121.3ms)
  Rendered /Users/bennettbuchanan/.rbenv/versions/2.2.3/lib/ruby/gems/2.2.0/gems/web-console-2.3.0/lib/web_console/templates/main.js.erb within layouts/javascript (0.6ms)
  Rendered /Users/bennettbuchanan/.rbenv/versions/2.2.3/lib/ruby/gems/2.2.0/gems/web-console-2.3.0/lib/web_console/templates/error_page.js.erb within layouts/javascript (0.8ms)
  Rendered /Users/bennettbuchanan/.rbenv/versions/2.2.3/lib/ruby/gems/2.2.0/gems/web-console-2.3.0/lib/web_console/templates/index.html.erb (276.8ms)


Started POST "/audios" for ::1 at 2016-05-03 11:49:44 -0700
Processing by AudiosController#create as HTML
  Parameters: {"utf8"=>"✓", "authenticity_token"=>"zXQd41VNcvz9aMJugKecCLWk6zBUh2ab1XW6/W6vXirpHb3oeLAMsDnaskglXq1iWUvyKh8G+5HAc0OqgwcD+w==", "audio"=>{"text"=>""}, "button"=>""}
  [1m[35m (0.3ms)[0m  BEGIN
  [1m[36m (0.3ms)[0m  [1mROLLBACK[0m
  Rendered audios/_form.html.erb (1.9ms)
  Rendered audios/new.html.erb within layouts/application (3.7ms)
Completed 200 OK in 1011ms (Views: 114.9ms | ActiveRecord: 3.8ms)


Started GET "/assets/application.self-e80e8f2318043e8af94dddc2adad5a4f09739a8ebb323b3ab31cd71d45fd9113.css?body=1" for ::1 at 2016-05-03 11:49:45 -0700


Started GET "/assets/audios.self-e3b0c44298fc1c149afbf4c8996fb92427ae41e4649b934ca495991b7852b855.css?body=1" for ::1 at 2016-05-03 11:49:45 -0700


Started GET "/assets/jquery_ujs.self-e87806d0cf4489aeb1bb7288016024e8de67fd18db693fe026fe3907581e53cd.js?body=1" for ::1 at 2016-05-03 11:49:45 -0700


Started GET "/assets/turbolinks.self-c37727e9bd6b2735da5c311aa83fead54ed0be6cc8bd9a65309e9c5abe2cbfff.js?body=1" for ::1 at 2016-05-03 11:49:45 -0700


Started GET "/assets/audios.self-877aef30ae1b040ab8a3aba4e3e309a11d7f2612f44dde450b5c157aa5f95c05.js?body=1" for ::1 at 2016-05-03 11:49:45 -0700


Started GET "/assets/application.self-3b8dabdc891efe46b9a144b400ad69e37d7e5876bdc39dee783419a69d7ca819.js?body=1" for ::1 at 2016-05-03 11:49:45 -0700


Started GET "/assets/bootstrap/glyphicons-halflings-regular-fc969dc1c6ff531abcf368089dcbaf5775133b0626ff56b52301a059fc0f9e1e.woff" for ::1 at 2016-05-03 11:49:46 -0700


Started POST "/audios" for ::1 at 2016-05-03 11:50:05 -0700
Processing by AudiosController#create as HTML
  Parameters: {"utf8"=>"✓", "authenticity_token"=>"zXQd41VNcvz9aMJugKecCLWk6zBUh2ab1XW6/W6vXirpHb3oeLAMsDnaskglXq1iWUvyKh8G+5HAc0OqgwcD+w==", "audio"=>{"text"=>""}, "button"=>""}
  [1m[35m (0.4ms)[0m  BEGIN
  [1m[36m (0.5ms)[0m  [1mROLLBACK[0m
  Rendered audios/_form.html.erb (2.2ms)
  Rendered audios/new.html.erb within layouts/application (4.1ms)
Completed 200 OK in 846ms (Views: 51.7ms | ActiveRecord: 5.6ms)


Started GET "/assets/audios.self-e3b0c44298fc1c149afbf4c8996fb92427ae41e4649b934ca495991b7852b855.css?body=1" for ::1 at 2016-05-03 11:50:05 -0700


Started GET "/assets/scaffolds.self-ec56b046f373e67fff3ed53d796332384e48fcb52c89e48c7f01920a26f46e6a.css?body=1" for ::1 at 2016-05-03 11:50:05 -0700


Started GET "/assets/jquery.self-660adc51e0224b731d29f575a6f1ec167ba08ad06ed5deca4f1e8654c135bf4c.js?body=1" for ::1 at 2016-05-03 11:50:06 -0700


Started GET "/assets/jquery_ujs.self-e87806d0cf4489aeb1bb7288016024e8de67fd18db693fe026fe3907581e53cd.js?body=1" for ::1 at 2016-05-03 11:50:06 -0700


Started GET "/assets/application.self-e80e8f2318043e8af94dddc2adad5a4f09739a8ebb323b3ab31cd71d45fd9113.css?body=1" for ::1 at 2016-05-03 11:50:06 -0700


Started GET "/assets/turbolinks.self-c37727e9bd6b2735da5c311aa83fead54ed0be6cc8bd9a65309e9c5abe2cbfff.js?body=1" for ::1 at 2016-05-03 11:50:06 -0700


Started GET "/assets/audios.self-877aef30ae1b040ab8a3aba4e3e309a11d7f2612f44dde450b5c157aa5f95c05.js?body=1" for ::1 at 2016-05-03 11:50:06 -0700


Started GET "/assets/application.self-3b8dabdc891efe46b9a144b400ad69e37d7e5876bdc39dee783419a69d7ca819.js?body=1" for ::1 at 2016-05-03 11:50:06 -0700


Started GET "/assets/bootstrap/glyphicons-halflings-regular-fc969dc1c6ff531abcf368089dcbaf5775133b0626ff56b52301a059fc0f9e1e.woff" for ::1 at 2016-05-03 11:50:06 -0700


Started POST "/audios" for ::1 at 2016-05-03 11:50:22 -0700
Processing by AudiosController#create as HTML
  Parameters: {"utf8"=>"✓", "authenticity_token"=>"zXQd41VNcvz9aMJugKecCLWk6zBUh2ab1XW6/W6vXirpHb3oeLAMsDnaskglXq1iWUvyKh8G+5HAc0OqgwcD+w==", "audio"=>{"text"=>""}, "button"=>""}
  [1m[35m (0.3ms)[0m  BEGIN
  [1m[36m (0.3ms)[0m  [1mROLLBACK[0m
  Rendered audios/_form.html.erb (2.5ms)
  Rendered audios/new.html.erb within layouts/application (4.0ms)
Completed 200 OK in 837ms (Views: 50.0ms | ActiveRecord: 5.1ms)


Started GET "/assets/audios.self-e3b0c44298fc1c149afbf4c8996fb92427ae41e4649b934ca495991b7852b855.css?body=1" for ::1 at 2016-05-03 11:50:23 -0700


Started GET "/assets/scaffolds.self-ec56b046f373e67fff3ed53d796332384e48fcb52c89e48c7f01920a26f46e6a.css?body=1" for ::1 at 2016-05-03 11:50:23 -0700


Started GET "/assets/jquery.self-660adc51e0224b731d29f575a6f1ec167ba08ad06ed5deca4f1e8654c135bf4c.js?body=1" for ::1 at 2016-05-03 11:50:23 -0700


Started GET "/assets/turbolinks.self-c37727e9bd6b2735da5c311aa83fead54ed0be6cc8bd9a65309e9c5abe2cbfff.js?body=1" for ::1 at 2016-05-03 11:50:23 -0700


Started GET "/assets/application.self-e80e8f2318043e8af94dddc2adad5a4f09739a8ebb323b3ab31cd71d45fd9113.css?body=1" for ::1 at 2016-05-03 11:50:23 -0700


Started GET "/assets/jquery_ujs.self-e87806d0cf4489aeb1bb7288016024e8de67fd18db693fe026fe3907581e53cd.js?body=1" for ::1 at 2016-05-03 11:50:23 -0700


Started GET "/assets/audios.self-877aef30ae1b040ab8a3aba4e3e309a11d7f2612f44dde450b5c157aa5f95c05.js?body=1" for ::1 at 2016-05-03 11:50:23 -0700


Started GET "/assets/application.self-3b8dabdc891efe46b9a144b400ad69e37d7e5876bdc39dee783419a69d7ca819.js?body=1" for ::1 at 2016-05-03 11:50:23 -0700


Started GET "/assets/bootstrap/glyphicons-halflings-regular-fc969dc1c6ff531abcf368089dcbaf5775133b0626ff56b52301a059fc0f9e1e.woff" for ::1 at 2016-05-03 11:50:23 -0700


Started POST "/audios" for ::1 at 2016-05-03 11:55:19 -0700
Processing by AudiosController#create as HTML
  Parameters: {"utf8"=>"✓", "authenticity_token"=>"zXQd41VNcvz9aMJugKecCLWk6zBUh2ab1XW6/W6vXirpHb3oeLAMsDnaskglXq1iWUvyKh8G+5HAc0OqgwcD+w==", "audio"=>{"text"=>""}, "button"=>""}
  [1m[35m (0.6ms)[0m  BEGIN
  [1m[36m (0.4ms)[0m  [1mROLLBACK[0m
  Rendered audios/_form.html.erb (1.6ms)
  Rendered audios/new.html.erb within layouts/application (3.5ms)
Completed 200 OK in 814ms (Views: 44.0ms | ActiveRecord: 0.9ms)


Started GET "/assets/audios.self-e3b0c44298fc1c149afbf4c8996fb92427ae41e4649b934ca495991b7852b855.css?body=1" for ::1 at 2016-05-03 11:55:20 -0700


Started GET "/assets/application.self-e80e8f2318043e8af94dddc2adad5a4f09739a8ebb323b3ab31cd71d45fd9113.css?body=1" for ::1 at 2016-05-03 11:55:20 -0700


Started GET "/assets/scaffolds.self-ec56b046f373e67fff3ed53d796332384e48fcb52c89e48c7f01920a26f46e6a.css?body=1" for ::1 at 2016-05-03 11:55:20 -0700


Started GET "/assets/jquery_ujs.self-e87806d0cf4489aeb1bb7288016024e8de67fd18db693fe026fe3907581e53cd.js?body=1" for ::1 at 2016-05-03 11:55:20 -0700


Started GET "/assets/jquery.self-660adc51e0224b731d29f575a6f1ec167ba08ad06ed5deca4f1e8654c135bf4c.js?body=1" for ::1 at 2016-05-03 11:55:20 -0700


Started GET "/assets/audios.self-877aef30ae1b040ab8a3aba4e3e309a11d7f2612f44dde450b5c157aa5f95c05.js?body=1" for ::1 at 2016-05-03 11:55:20 -0700


Started GET "/assets/turbolinks.self-c37727e9bd6b2735da5c311aa83fead54ed0be6cc8bd9a65309e9c5abe2cbfff.js?body=1" for ::1 at 2016-05-03 11:55:20 -0700


Started GET "/assets/application.self-3b8dabdc891efe46b9a144b400ad69e37d7e5876bdc39dee783419a69d7ca819.js?body=1" for ::1 at 2016-05-03 11:55:20 -0700


Started GET "/assets/bootstrap/glyphicons-halflings-regular-fc969dc1c6ff531abcf368089dcbaf5775133b0626ff56b52301a059fc0f9e1e.woff" for ::1 at 2016-05-03 11:55:20 -0700


Started POST "/audios" for ::1 at 2016-05-03 11:55:24 -0700
Processing by AudiosController#create as HTML
  Parameters: {"utf8"=>"✓", "authenticity_token"=>"zXQd41VNcvz9aMJugKecCLWk6zBUh2ab1XW6/W6vXirpHb3oeLAMsDnaskglXq1iWUvyKh8G+5HAc0OqgwcD+w==", "audio"=>{"text"=>""}, "button"=>""}
  [1m[35m (0.4ms)[0m  BEGIN
  [1m[36m (0.4ms)[0m  [1mROLLBACK[0m
  Rendered audios/_form.html.erb (1.6ms)
  Rendered audios/new.html.erb within layouts/application (3.2ms)
Completed 200 OK in 819ms (Views: 44.4ms | ActiveRecord: 0.8ms)


Started GET "/assets/audios.self-e3b0c44298fc1c149afbf4c8996fb92427ae41e4649b934ca495991b7852b855.css?body=1" for ::1 at 2016-05-03 11:55:25 -0700


Started GET "/assets/application.self-e80e8f2318043e8af94dddc2adad5a4f09739a8ebb323b3ab31cd71d45fd9113.css?body=1" for ::1 at 2016-05-03 11:55:25 -0700


Started GET "/assets/scaffolds.self-ec56b046f373e67fff3ed53d796332384e48fcb52c89e48c7f01920a26f46e6a.css?body=1" for ::1 at 2016-05-03 11:55:25 -0700


Started GET "/assets/jquery_ujs.self-e87806d0cf4489aeb1bb7288016024e8de67fd18db693fe026fe3907581e53cd.js?body=1" for ::1 at 2016-05-03 11:55:25 -0700


Started GET "/assets/jquery.self-660adc51e0224b731d29f575a6f1ec167ba08ad06ed5deca4f1e8654c135bf4c.js?body=1" for ::1 at 2016-05-03 11:55:25 -0700


Started GET "/assets/turbolinks.self-c37727e9bd6b2735da5c311aa83fead54ed0be6cc8bd9a65309e9c5abe2cbfff.js?body=1" for ::1 at 2016-05-03 11:55:25 -0700


Started GET "/assets/audios.self-877aef30ae1b040ab8a3aba4e3e309a11d7f2612f44dde450b5c157aa5f95c05.js?body=1" for ::1 at 2016-05-03 11:55:25 -0700


Started GET "/assets/application.self-3b8dabdc891efe46b9a144b400ad69e37d7e5876bdc39dee783419a69d7ca819.js?body=1" for ::1 at 2016-05-03 11:55:25 -0700


Started GET "/assets/bootstrap/glyphicons-halflings-regular-fc969dc1c6ff531abcf368089dcbaf5775133b0626ff56b52301a059fc0f9e1e.woff" for ::1 at 2016-05-03 11:55:25 -0700
