LOG:  database system was shut down at 2016-04-27 15:35:56 PDT
LOG:  MultiXact member wraparound protections are now enabled
LOG:  database system is ready to accept connections
LOG:  autovacuum launcher started
FATAL:  role "bennettbuchanan" does not exist
LOG:  received fast shutdown request
LOG:  aborting any active transactions
LOG:  autovacuum launcher shutting down
LOG:  shutting down
LOG:  database system is shut down
LOG:  database system was shut down at 2016-04-27 15:41:52 PDT
LOG:  MultiXact member wraparound protections are now enabled
LOG:  database system is ready to accept connections
LOG:  autovacuum launcher started
ERROR:  syntax error at or near "su" at character 1
STATEMENT:  su - postgres
	createuser
	createuser user
	createuser user 
	createuser user1 
	create role myapp with createdb login password 'password';
ERROR:  syntax error at or near "createuser" at character 1
STATEMENT:  createuser user 
	createuser user 
	;
ERROR:  syntax error at or near "createuser" at character 1
STATEMENT:  createuser user 
	;
ERROR:  syntax error at or near "su" at character 1
STATEMENT:  su - postgres
	;
ERROR:  syntax error at or near "su" at character 1
STATEMENT:  su - postgres;
ERROR:  syntax error at or near "su" at character 1
STATEMENT:  su - postgres;
ERROR:  syntax error at or near "su" at character 1
STATEMENT:  su - postgres
	su - postgres
	createuser
	createuser user
	createuser user 
	createuser user1 
	create role myapp with createdb login password 'password';
ERROR:  syntax error at or near "su" at character 1
STATEMENT:  su - postgres
	create role myapp with createdb login password 'password1';
